{
  "RSpec": {
    "coverage": {
      "/Users/sapienza/Documents/projects/labs/quero-trabalhar-no-edools_backend/edools/spec/features/course/user_destroy_spec.rb": [
        1,
        null,
        1,
        1,
        1,
        null,
        1,
        null,
        2,
        null,
        null
      ],
      "/Users/sapienza/Documents/projects/labs/quero-trabalhar-no-edools_backend/edools/spec/features/course/user_update_spec.rb": [
        1,
        null,
        1,
        1,
        1,
        null,
        1,
        null,
        1,
        null,
        1,
        1,
        1,
        null,
        null,
        1,
        null,
        null,
        1,
        1,
        null,
        1,
        null,
        1,
        null,
        1,
        1,
        1,
        null,
        null,
        1,
        null,
        null
      ],
      "/Users/sapienza/Documents/projects/labs/quero-trabalhar-no-edools_backend/edools/spec/features/course/user_visit_spec.rb": [
        1,
        null,
        1,
        1,
        1,
        null,
        1,
        null,
        null
      ],
      "/Users/sapienza/Documents/projects/labs/quero-trabalhar-no-edools_backend/edools/spec/features/home/user_visit_spec.rb": [
        1,
        null,
        1,
        1,
        1,
        null,
        1,
        null,
        null
      ],
      "/Users/sapienza/Documents/projects/labs/quero-trabalhar-no-edools_backend/edools/spec/features/school/user_create_spec.rb": [
        1,
        null,
        1,
        1,
        1,
        null,
        1,
        1,
        1,
        1,
        1,
        null,
        1,
        null,
        null,
        1,
        1,
        null,
        null,
        1,
        1,
        null,
        1,
        1,
        1,
        null,
        1,
        null,
        null,
        1,
        null,
        null
      ],
      "/Users/sapienza/Documents/projects/labs/quero-trabalhar-no-edools_backend/edools/spec/features/school/user_destroy_spec.rb": [
        1,
        null,
        1,
        1,
        1,
        null,
        1,
        null,
        2,
        null,
        null
      ],
      "/Users/sapienza/Documents/projects/labs/quero-trabalhar-no-edools_backend/edools/spec/features/school/user_update_spec.rb": [
        1,
        null,
        1,
        1,
        1,
        null,
        1,
        null,
        1,
        null,
        1,
        1,
        1,
        null,
        null,
        1,
        null,
        null,
        1,
        1,
        null,
        1,
        null,
        1,
        null,
        1,
        1,
        1,
        null,
        null,
        1,
        null,
        null
      ],
      "/Users/sapienza/Documents/projects/labs/quero-trabalhar-no-edools_backend/edools/spec/features/school/user_visit_spec.rb": [
        1,
        null,
        1,
        1,
        1,
        null,
        1,
        null,
        null
      ],
      "/Users/sapienza/Documents/projects/labs/quero-trabalhar-no-edools_backend/edools/spec/models/course_spec.rb": [
        1,
        null,
        1,
        2,
        null
      ],
      "/Users/sapienza/Documents/projects/labs/quero-trabalhar-no-edools_backend/edools/app/models/course.rb": [
        1,
        1,
        null,
        1,
        1,
        null
      ],
      "/Users/sapienza/Documents/projects/labs/quero-trabalhar-no-edools_backend/edools/app/models/application_record.rb": [
        1,
        1,
        null
      ],
      "/Users/sapienza/Documents/projects/labs/quero-trabalhar-no-edools_backend/edools/spec/models/school_spec.rb": [
        1,
        null,
        1,
        2,
        2,
        null
      ],
      "/Users/sapienza/Documents/projects/labs/quero-trabalhar-no-edools_backend/edools/app/models/school.rb": [
        1,
        1,
        null,
        1,
        1,
        null
      ],
      "/Users/sapienza/Documents/projects/labs/quero-trabalhar-no-edools_backend/edools/app/controllers/courses_controller.rb": [
        1,
        1,
        null,
        1,
        2,
        null,
        2,
        2,
        null,
        null,
        1,
        2,
        null,
        null,
        1,
        2,
        null,
        2,
        1,
        1,
        null,
        1,
        1,
        null,
        null,
        null,
        1,
        null,
        1,
        null,
        1,
        1,
        1,
        null,
        1,
        null,
        null,
        1,
        2,
        1,
        1,
        null,
        1,
        1,
        null,
        null,
        null,
        1,
        null,
        1,
        10,
        null,
        null,
        1,
        4,
        null,
        null,
        null,
        null,
        null
      ],
      "/Users/sapienza/Documents/projects/labs/quero-trabalhar-no-edools_backend/edools/app/controllers/application_controller.rb": [
        1,
        1,
        null
      ],
      "/Users/sapienza/Documents/projects/labs/quero-trabalhar-no-edools_backend/edools/app/controllers/home_controller.rb": [
        1,
        1,
        1,
        1,
        null,
        null
      ],
      "/Users/sapienza/Documents/projects/labs/quero-trabalhar-no-edools_backend/edools/app/controllers/schools_controller.rb": [
        1,
        1,
        null,
        1,
        2,
        null,
        2,
        null,
        null,
        1,
        2,
        null,
        null,
        1,
        2,
        null,
        2,
        1,
        1,
        null,
        1,
        1,
        null,
        null,
        null,
        1,
        null,
        1,
        null,
        1,
        1,
        1,
        null,
        1,
        null,
        null,
        1,
        2,
        1,
        1,
        null,
        1,
        1,
        null,
        null,
        null,
        1,
        null,
        1,
        10,
        null,
        null,
        1,
        4,
        null,
        null
      ]
    },
    "timestamp": 1567041021
  }
}
