{
  "RSpec": {
    "coverage": {
      "/home/antonio/dev/testes_empresas/quero-trabalhar-no-edools_backend/app_edools/spec/controllers/students_controller_spec.rb": [
        1,
        null,
        1,
        1,
        4,
        4,
        1,
        null,
        1,
        3,
        null,
        null,
        1,
        0,
        null,
        null,
        1,
        0,
        null,
        null,
        1,
        0,
        null,
        null,
        null,
        1,
        null,
        1,
        1,
        null,
        null,
        1,
        2,
        null,
        1,
        0,
        null,
        null,
        null,
        null,
        1,
        2,
        null,
        1,
        1,
        null,
        null,
        1,
        0,
        null,
        null,
        null,
        1,
        3,
        null,
        1,
        2,
        null,
        null,
        1,
        0,
        null,
        null,
        1,
        0,
        null,
        null,
        null
      ],
      "/home/antonio/dev/testes_empresas/quero-trabalhar-no-edools_backend/app_edools/spec/rails_helper.rb": [
        null,
        1,
        1,
        null,
        1,
        1,
        1,
        1,
        null,
        null,
        null,
        null,
        null,
        null,
        null,
        null,
        null,
        null,
        null,
        null,
        null,
        null,
        null,
        null,
        null,
        null,
        null,
        1,
        null,
        1,
        null,
        null,
        1,
        null,
        null,
        null,
        1,
        null,
        null,
        null,
        null,
        null,
        null,
        null,
        null,
        null,
        null,
        null,
        null,
        null,
        null,
        1,
        null,
        null,
        1,
        null,
        null,
        1,
        1,
        null,
        1,
        null,
        null,
        1,
        1,
        1,
        null,
        1,
        null,
        null,
        null
      ],
      "/home/antonio/dev/testes_empresas/quero-trabalhar-no-edools_backend/app_edools/config/environment.rb": [
        null,
        1,
        null,
        null,
        1
      ],
      "/home/antonio/dev/testes_empresas/quero-trabalhar-no-edools_backend/app_edools/config/application.rb": [
        1,
        null,
        1,
        null,
        1,
        1,
        1,
        1,
        1,
        1,
        1,
        null,
        null,
        null,
        null,
        1,
        null,
        1,
        1,
        null,
        null,
        null,
        null,
        null,
        null,
        null,
        null,
        null,
        null,
        null,
        null,
        null,
        1,
        null,
        null
      ],
      "/home/antonio/dev/testes_empresas/quero-trabalhar-no-edools_backend/app_edools/config/boot.rb": [
        1,
        null,
        1
      ],
      "/home/antonio/dev/testes_empresas/quero-trabalhar-no-edools_backend/app_edools/config/environments/test.rb": [
        1,
        null,
        null,
        null,
        null,
        null,
        null,
        1,
        null,
        null,
        null,
        null,
        1,
        null,
        null,
        1,
        1,
        null,
        null,
        1,
        1,
        null,
        null,
        1,
        null,
        null,
        1,
        null,
        null,
        null,
        null,
        1,
        null,
        null,
        1,
        null,
        null,
        1,
        null,
        null,
        null,
        null
      ],
      "/home/antonio/dev/testes_empresas/quero-trabalhar-no-edools_backend/app_edools/config/initializers/assets.rb": [
        null,
        null,
        null,
        1,
        null,
        null,
        null,
        null,
        null,
        null,
        null
      ],
      "/home/antonio/dev/testes_empresas/quero-trabalhar-no-edools_backend/app_edools/config/initializers/backtrace_silencers.rb": [
        null,
        null,
        null,
        null,
        null,
        null,
        null
      ],
      "/home/antonio/dev/testes_empresas/quero-trabalhar-no-edools_backend/app_edools/config/initializers/cookies_serializer.rb": [
        null,
        null,
        1
      ],
      "/home/antonio/dev/testes_empresas/quero-trabalhar-no-edools_backend/app_edools/config/initializers/filter_parameter_logging.rb": [
        null,
        null,
        null,
        1
      ],
      "/home/antonio/dev/testes_empresas/quero-trabalhar-no-edools_backend/app_edools/config/initializers/inflections.rb": [
        null,
        null,
        null,
        null,
        null,
        null,
        null,
        null,
        null,
        null,
        null,
        null,
        null,
        null,
        null,
        null
      ],
      "/home/antonio/dev/testes_empresas/quero-trabalhar-no-edools_backend/app_edools/config/initializers/mime_types.rb": [
        null,
        null,
        null,
        null
      ],
      "/home/antonio/dev/testes_empresas/quero-trabalhar-no-edools_backend/app_edools/config/initializers/session_store.rb": [
        null,
        null,
        1
      ],
      "/home/antonio/dev/testes_empresas/quero-trabalhar-no-edools_backend/app_edools/config/initializers/simple_form.rb": [
        null,
        1,
        null,
        null,
        null,
        null,
        null,
        1,
        null,
        null,
        null,
        null,
        null,
        null,
        null,
        null,
        null,
        1,
        null,
        null,
        null,
        1,
        null,
        null,
        null,
        null,
        null,
        null,
        null,
        null,
        1,
        null,
        null,
        1,
        null,
        null,
        1,
        null,
        null,
        1,
        null,
        null,
        1,
        1,
        1,
        null,
        null,
        null,
        null,
        null,
        null,
        null,
        null,
        null,
        1,
        null,
        null,
        null,
        null,
        null,
        1,
        null,
        null,
        1,
        null,
        null,
        null,
        null,
        null,
        null,
        null,
        1,
        null,
        null,
        1,
        null,
        null,
        null,
        null,
        null,
        null,
        null,
        null,
        null,
        null,
        null,
        null,
        null,
        null,
        null,
        null,
        null,
        null,
        null,
        null,
        null,
        null,
        null,
        null,
        null,
        null,
        null,
        null,
        null,
        null,
        null,
        null,
        null,
        null,
        null,
        null,
        null,
        null,
        null,
        null,
        null,
        null,
        null,
        null,
        1,
        null,
        null,
        null,
        null,
        null,
        null,
        null,
        null,
        null,
        null,
        null,
        null,
        null,
        null,
        null,
        null,
        null,
        null,
        null,
        null,
        null,
        null,
        null,
        null,
        null,
        null,
        null,
        null,
        null,
        null,
        null,
        null,
        null,
        null,
        null,
        null,
        1,
        null,
        null,
        null,
        null,
        null,
        null,
        null,
        null
      ],
      "/home/antonio/dev/testes_empresas/quero-trabalhar-no-edools_backend/app_edools/config/initializers/simple_form_bootstrap.rb": [
        null,
        1,
        1,
        1,
        1,
        null,
        1,
        1,
        1,
        1,
        1,
        1,
        1,
        1,
        null,
        1,
        1,
        1,
        null,
        null,
        1,
        1,
        1,
        1,
        1,
        1,
        null,
        1,
        1,
        1,
        null,
        null,
        1,
        1,
        1,
        null,
        1,
        1,
        null,
        null,
        1,
        1,
        null,
        null,
        1,
        1,
        1,
        1,
        1,
        1,
        1,
        null,
        null,
        1,
        1,
        1,
        1,
        1,
        1,
        1,
        1,
        null,
        1,
        1,
        1,
        1,
        null,
        null,
        null,
        1,
        1,
        1,
        1,
        1,
        1,
        null,
        1,
        1,
        1,
        1,
        null,
        null,
        null,
        1,
        1,
        1,
        null,
        1,
        1,
        1,
        null,
        null,
        1,
        1,
        null,
        null,
        null,
        1,
        1,
        1,
        null,
        1,
        null,
        1,
        1,
        1,
        1,
        null,
        null,
        null,
        1,
        1,
        1,
        1,
        1,
        1,
        1,
        1,
        null,
        1,
        1,
        1,
        null,
        null,
        1,
        1,
        1,
        1,
        1,
        1,
        1,
        1,
        null,
        null,
        null,
        null,
        null,
        null,
        1,
        1,
        null,
        null,
        null,
        null,
        null,
        null,
        null,
        null,
        null
      ],
      "/home/antonio/dev/testes_empresas/quero-trabalhar-no-edools_backend/app_edools/config/initializers/wrap_parameters.rb": [
        null,
        null,
        null,
        null,
        null,
        null,
        1,
        1,
        null,
        null,
        null,
        null,
        null,
        null
      ],
      "/home/antonio/dev/testes_empresas/quero-trabalhar-no-edools_backend/app_edools/spec/factories/courses.rb": [
        1,
        1,
        1,
        1,
        1,
        1,
        1,
        1,
        null,
        null
      ],
      "/home/antonio/dev/testes_empresas/quero-trabalhar-no-edools_backend/app_edools/spec/factories/schools.rb": [
        1,
        1,
        1,
        1,
        1,
        1,
        null,
        null
      ],
      "/home/antonio/dev/testes_empresas/quero-trabalhar-no-edools_backend/app_edools/spec/factories/students.rb": [
        1,
        1,
        11,
        11,
        1,
        1,
        1,
        1,
        null,
        null
      ],
      "/home/antonio/dev/testes_empresas/quero-trabalhar-no-edools_backend/app_edools/config/routes.rb": [
        1,
        1,
        1,
        null,
        null,
        1,
        1,
        null,
        null,
        1,
        null,
        1,
        1,
        1,
        1,
        1,
        null
      ],
      "/home/antonio/dev/testes_empresas/quero-trabalhar-no-edools_backend/app_edools/app/helpers/application_helper.rb": [
        1,
        null
      ],
      "/home/antonio/dev/testes_empresas/quero-trabalhar-no-edools_backend/app_edools/app/helpers/courses_helper.rb": [
        1,
        null
      ],
      "/home/antonio/dev/testes_empresas/quero-trabalhar-no-edools_backend/app_edools/app/helpers/schools_helper.rb": [
        1,
        null
      ],
      "/home/antonio/dev/testes_empresas/quero-trabalhar-no-edools_backend/app_edools/app/helpers/students_helper.rb": [
        1,
        null
      ],
      "/home/antonio/dev/testes_empresas/quero-trabalhar-no-edools_backend/app_edools/app/controllers/students_controller.rb": [
        1,
        null,
        1,
        0,
        0,
        null,
        null,
        1,
        0,
        null,
        null,
        1,
        0,
        0,
        null,
        0,
        0,
        0,
        0,
        null,
        0,
        0,
        null,
        null,
        null,
        null,
        1,
        0,
        0,
        null,
        null,
        1,
        0,
        0,
        null,
        0,
        0,
        0,
        0,
        null,
        0,
        0,
        null,
        null,
        null,
        null,
        1,
        0,
        0,
        0,
        null,
        0,
        0,
        0,
        null,
        null,
        null,
        1,
        1,
        0,
        null,
        null,
        1,
        0,
        0,
        null,
        null
      ],
      "/home/antonio/dev/testes_empresas/quero-trabalhar-no-edools_backend/app_edools/app/controllers/application_controller.rb": [
        1,
        null,
        null,
        1,
        null
      ],
      "/home/antonio/dev/testes_empresas/quero-trabalhar-no-edools_backend/app_edools/app/models/student.rb": [
        1,
        1,
        null,
        1,
        1,
        1,
        1,
        null
      ]
    },
    "timestamp": 1465448238
  }
}
