{
  "RSpec": {
    "coverage": {
      "/Users/diogo/Dev/quero-trabalhar-no-edools_backend/app/helpers/application_helper.rb": [
        1,
        null
      ],
      "/Users/diogo/Dev/quero-trabalhar-no-edools_backend/app/helpers/courses_helper.rb": [
        1,
        null
      ],
      "/Users/diogo/Dev/quero-trabalhar-no-edools_backend/app/helpers/schools_helper.rb": [
        1,
        null
      ],
      "/Users/diogo/Dev/quero-trabalhar-no-edools_backend/app/helpers/welcome_helper.rb": [
        1,
        null
      ],
      "/Users/diogo/Dev/quero-trabalhar-no-edools_backend/app/controllers/courses_controller.rb": [
        1,
        1,
        null,
        1,
        3,
        null,
        null,
        1,
        null,
        null,
        1,
        3,
        null,
        null,
        1,
        null,
        null,
        1,
        9,
        9,
        null,
        null,
        1,
        7,
        7,
        null,
        null,
        1,
        2,
        2,
        null,
        null,
        1,
        1,
        15,
        null,
        null,
        1,
        16,
        null,
        null
      ],
      "/Users/diogo/Dev/quero-trabalhar-no-edools_backend/app/controllers/application_controller.rb": [
        1,
        null,
        1,
        1,
        1,
        null,
        null,
        null,
        1,
        null
      ],
      "/Users/diogo/Dev/quero-trabalhar-no-edools_backend/lib/application_responder.rb": [
        1,
        1,
        1,
        null,
        null,
        null,
        null,
        null
      ],
      "/Users/diogo/Dev/quero-trabalhar-no-edools_backend/app/controllers/schools_controller.rb": [
        1,
        1,
        null,
        1,
        3,
        null,
        null,
        1,
        null,
        null,
        1,
        3,
        null,
        null,
        1,
        null,
        null,
        1,
        9,
        9,
        null,
        null,
        1,
        7,
        7,
        null,
        null,
        1,
        2,
        2,
        null,
        null,
        1,
        1,
        15,
        null,
        null,
        1,
        16,
        null,
        null
      ],
      "/Users/diogo/Dev/quero-trabalhar-no-edools_backend/app/controllers/welcome_controller.rb": [
        1,
        1,
        null,
        null
      ],
      "/Users/diogo/Dev/quero-trabalhar-no-edools_backend/app/models/course.rb": [
        1,
        null,
        null,
        1,
        null,
        null,
        1,
        1,
        1,
        1,
        1,
        null
      ],
      "/Users/diogo/Dev/quero-trabalhar-no-edools_backend/app/models/school.rb": [
        1,
        null,
        null,
        1,
        null,
        null,
        1,
        1,
        1,
        null
      ]
    },
    "timestamp": 1465426158
  }
}
